{"/Users/gaotian/Documents/blog/前端秘籍/前端架构/实践/gt-web3-spa/src/utils/index.ts": {"path":"/Users/gaotian/Documents/blog/前端秘籍/前端架构/实践/gt-web3-spa/src/utils/index.ts","statementMap":{"0":{"start":{"line":1,"column":13},"end":{"line":1,"column":70}},"1":{"start":{"line":1,"column":99},"end":{"line":1,"column":185}},"2":{"start":{"line":1,"column":119},"end":{"line":1,"column":185}},"3":{"start":{"line":1,"column":186},"end":{"line":1,"column":299}},"4":{"start":{"line":1,"column":234},"end":{"line":1,"column":260}},"5":{"start":{"line":1,"column":281},"end":{"line":1,"column":295}},"6":{"start":{"line":1,"column":331},"end":{"line":1,"column":362}},"7":{"start":{"line":1,"column":363},"end":{"line":1,"column":397}},"8":{"start":{"line":1,"column":384},"end":{"line":1,"column":395}},"9":{"start":{"line":1,"column":397},"end":{"line":1,"column":408}},"10":{"start":{"line":1,"column":435},"end":{"line":1,"column":788}},"11":{"start":{"line":1,"column":473},"end":{"line":1,"column":494}},"12":{"start":{"line":1,"column":485},"end":{"line":1,"column":494}},"13":{"start":{"line":1,"column":494},"end":{"line":1,"column":551}},"14":{"start":{"line":1,"column":536},"end":{"line":1,"column":550}},"15":{"start":{"line":1,"column":570},"end":{"line":1,"column":619}},"16":{"start":{"line":1,"column":632},"end":{"line":1,"column":665}},"17":{"start":{"line":1,"column":676},"end":{"line":1,"column":706}},"18":{"start":{"line":1,"column":720},"end":{"line":1,"column":752}},"19":{"start":{"line":1,"column":753},"end":{"line":1,"column":787}},"20":{"start":{"line":1,"column":817},"end":{"line":1,"column":879}},"21":{"start":{"line":1,"column":862},"end":{"line":1,"column":879}},"22":{"start":{"line":1,"column":879},"end":{"line":1,"column":894}}},"fnMap":{"0":{"name":"_export","decl":{"start":{"line":1,"column":79},"end":{"line":1,"column":86}},"loc":{"start":{"line":1,"column":98},"end":{"line":1,"column":186}},"line":1},"1":{"name":"(anonymous_1)","decl":{"start":{"line":1,"column":223},"end":{"line":1,"column":224}},"loc":{"start":{"line":1,"column":233},"end":{"line":1,"column":261}},"line":1},"2":{"name":"(anonymous_2)","decl":{"start":{"line":1,"column":270},"end":{"line":1,"column":271}},"loc":{"start":{"line":1,"column":280},"end":{"line":1,"column":296}},"line":1},"3":{"name":"_metamask","decl":{"start":{"line":1,"column":308},"end":{"line":1,"column":317}},"loc":{"start":{"line":1,"column":319},"end":{"line":1,"column":409}},"line":1},"4":{"name":"(anonymous_4)","decl":{"start":{"line":1,"column":373},"end":{"line":1,"column":374}},"loc":{"start":{"line":1,"column":383},"end":{"line":1,"column":396}},"line":1},"5":{"name":"(anonymous_5)","decl":{"start":{"line":1,"column":435},"end":{"line":1,"column":436}},"loc":{"start":{"line":1,"column":472},"end":{"line":1,"column":788}},"line":1},"6":{"name":"getName","decl":{"start":{"line":1,"column":798},"end":{"line":1,"column":805}},"loc":{"start":{"line":1,"column":816},"end":{"line":1,"column":895}},"line":1}},"branchMap":{"0":{"loc":{"start":{"line":1,"column":444},"end":{"line":1,"column":457}},"type":"default-arg","locations":[{"start":{"line":1,"column":456},"end":{"line":1,"column":457}}],"line":1},"1":{"loc":{"start":{"line":1,"column":458},"end":{"line":1,"column":469}},"type":"default-arg","locations":[{"start":{"line":1,"column":468},"end":{"line":1,"column":469}}],"line":1},"2":{"loc":{"start":{"line":1,"column":473},"end":{"line":1,"column":494}},"type":"if","locations":[{"start":{"line":1,"column":473},"end":{"line":1,"column":494}},{"start":{},"end":{}}],"line":1},"3":{"loc":{"start":{"line":1,"column":494},"end":{"line":1,"column":551}},"type":"if","locations":[{"start":{"line":1,"column":494},"end":{"line":1,"column":551}},{"start":{},"end":{}}],"line":1},"4":{"loc":{"start":{"line":1,"column":570},"end":{"line":1,"column":619}},"type":"cond-expr","locations":[{"start":{"line":1,"column":595},"end":{"line":1,"column":611}},{"start":{"line":1,"column":612},"end":{"line":1,"column":619}}],"line":1},"5":{"loc":{"start":{"line":1,"column":720},"end":{"line":1,"column":752}},"type":"cond-expr","locations":[{"start":{"line":1,"column":745},"end":{"line":1,"column":749}},{"start":{"line":1,"column":750},"end":{"line":1,"column":752}}],"line":1},"6":{"loc":{"start":{"line":1,"column":817},"end":{"line":1,"column":879}},"type":"if","locations":[{"start":{"line":1,"column":817},"end":{"line":1,"column":879}},{"start":{},"end":{}}],"line":1}},"s":{"0":1,"1":1,"2":2,"3":1,"4":8,"5":0,"6":0,"7":0,"8":0,"9":0,"10":1,"11":8,"12":3,"13":5,"14":0,"15":5,"16":5,"17":5,"18":5,"19":5,"20":0,"21":0,"22":0},"f":{"0":1,"1":8,"2":0,"3":0,"4":0,"5":8,"6":0},"b":{"0":[7],"1":[7],"2":[3,5],"3":[0,5],"4":[4,1],"5":[4,1],"6":[0,0]},"inputSourceMap":{"0":"{","1":"\"","2":"v","3":"e","4":"r","5":"s","6":"i","7":"o","8":"n","9":"\"","10":":","11":"3","12":",","13":"\"","14":"s","15":"o","16":"u","17":"r","18":"c","19":"e","20":"s","21":"\"","22":":","23":"[","24":"\"","25":"/","26":"U","27":"s","28":"e","29":"r","30":"s","31":"/","32":"g","33":"a","34":"o","35":"t","36":"i","37":"a","38":"n","39":"/","40":"D","41":"o","42":"c","43":"u","44":"m","45":"e","46":"n","47":"t","48":"s","49":"/","50":"b","51":"l","52":"o","53":"g","54":"/","55":"前","56":"端","57":"秘","58":"籍","59":"/","60":"前","61":"端","62":"架","63":"构","64":"/","65":"实","66":"践","67":"/","68":"g","69":"t","70":"-","71":"w","72":"e","73":"b","74":"3","75":"-","76":"s","77":"p","78":"a","79":"/","80":"s","81":"r","82":"c","83":"/","84":"u","85":"t","86":"i","87":"l","88":"s","89":"/","90":"i","91":"n","92":"d","93":"e","94":"x","95":".","96":"t","97":"s","98":"\"","99":"]","100":",","101":"\"","102":"s","103":"o","104":"u","105":"r","106":"c","107":"e","108":"s","109":"C","110":"o","111":"n","112":"t","113":"e","114":"n","115":"t","116":"\"","117":":","118":"[","119":"\"","120":"i","121":"m","122":"p","123":"o","124":"r","125":"t","126":" ","127":"{","128":" ","129":"M","130":"e","131":"t","132":"a","133":"M","134":"a","135":"s","136":"k","137":" ","138":"}","139":" ","140":"f","141":"r","142":"o","143":"m","144":" ","145":"'","146":"@","147":"w","148":"e","149":"b","150":"3","151":"-","152":"r","153":"e","154":"a","155":"c","156":"t","157":"/","158":"m","159":"e","160":"t","161":"a","162":"m","163":"a","164":"s","165":"k","166":"'","167":";","168":"\\","169":"n","170":"i","171":"m","172":"p","173":"o","174":"r","175":"t","176":" ","177":"t","178":"y","179":"p","180":"e","181":" ","182":"{","183":" ","184":"C","185":"o","186":"n","187":"n","188":"e","189":"c","190":"t","191":"o","192":"r","193":" ","194":"}","195":" ","196":"f","197":"r","198":"o","199":"m","200":" ","201":"'","202":"@","203":"w","204":"e","205":"b","206":"3","207":"-","208":"r","209":"e","210":"a","211":"c","212":"t","213":"/","214":"t","215":"y","216":"p","217":"e","218":"s","219":"'","220":";","221":"\\","222":"n","223":"\\","224":"n","225":"\\","226":"n","227":"e","228":"x","229":"p","230":"o","231":"r","232":"t","233":" ","234":"c","235":"o","236":"n","237":"s","238":"t","239":" ","240":"f","241":"o","242":"r","243":"m","244":"a","245":"t","246":"W","247":"a","248":"l","249":"l","250":"e","251":"t","252":"A","253":"d","254":"d","255":"r","256":"e","257":"s","258":"s","259":" ","260":"=","261":" ","262":"(","263":"\\","264":"n","265":" ","266":" ","267":"a","268":"d","269":"d","270":"r","271":"e","272":"s","273":"s","274":":","275":" ","276":"s","277":"t","278":"r","279":"i","280":"n","281":"g","282":",","283":"\\","284":"n","285":" ","286":" ","287":"s","288":"t","289":"a","290":"r","291":"t","292":"L","293":"e","294":"n","295":"g","296":"t","297":"h","298":":","299":" ","300":"n","301":"u","302":"m","303":"b","304":"e","305":"r","306":" ","307":"=","308":" ","309":"6","310":",","311":"\\","312":"n","313":" ","314":" ","315":"e","316":"n","317":"d","318":"L","319":"e","320":"n","321":"g","322":"t","323":"h","324":":","325":" ","326":"n","327":"u","328":"m","329":"b","330":"e","331":"r","332":" ","333":"=","334":" ","335":"4","336":",","337":"\\","338":"n","339":")","340":":","341":" ","342":"s","343":"t","344":"r","345":"i","346":"n","347":"g","348":" ","349":"=","350":">","351":" ","352":"{","353":"\\","354":"n","355":" ","356":" ","357":"i","358":"f","359":" ","360":"(","361":"!","362":"a","363":"d","364":"d","365":"r","366":"e","367":"s","368":"s","369":")","370":" ","371":"r","372":"e","373":"t","374":"u","375":"r","376":"n","377":" ","378":"'","379":"'","380":";","381":"\\","382":"n","383":"\\","384":"n","385":" ","386":" ","387":"/","388":"/","389":" ","390":"检","391":"查","392":"地","393":"址","394":"长","395":"度","396":"是","397":"否","398":"足","399":"够","400":"进","401":"行","402":"格","403":"式","404":"化","405":"\\","406":"n","407":" ","408":" ","409":"i","410":"f","411":" ","412":"(","413":"a","414":"d","415":"d","416":"r","417":"e","418":"s","419":"s","420":".","421":"l","422":"e","423":"n","424":"g","425":"t","426":"h","427":" ","428":"<","429":"=","430":" ","431":"s","432":"t","433":"a","434":"r","435":"t","436":"L","437":"e","438":"n","439":"g","440":"t","441":"h","442":" ","443":"+","444":" ","445":"e","446":"n","447":"d","448":"L","449":"e","450":"n","451":"g","452":"t","453":"h","454":")","455":" ","456":"{","457":"\\","458":"n","459":" ","460":" ","461":" ","462":" ","463":"r","464":"e","465":"t","466":"u","467":"r","468":"n","469":" ","470":"a","471":"d","472":"d","473":"r","474":"e","475":"s","476":"s","477":";","478":"\\","479":"n","480":" ","481":" ","482":"}","483":"\\","484":"n","485":"\\","486":"n","487":" ","488":" ","489":"/","490":"/","491":" ","492":"移","493":"除","494":"可","495":"能","496":"的","497":"前","498":"缀","499":"\\","500":"n","501":" ","502":" ","503":"c","504":"o","505":"n","506":"s","507":"t","508":" ","509":"c","510":"l","511":"e","512":"a","513":"n","514":"A","515":"d","516":"d","517":"r","518":"e","519":"s","520":"s","521":" ","522":"=","523":" ","524":"a","525":"d","526":"d","527":"r","528":"e","529":"s","530":"s","531":".","532":"s","533":"t","534":"a","535":"r","536":"t","537":"s","538":"W","539":"i","540":"t","541":"h","542":"(","543":"'","544":"0","545":"x","546":"'","547":")","548":" ","549":"?","550":" ","551":"a","552":"d","553":"d","554":"r","555":"e","556":"s","557":"s","558":".","559":"s","560":"l","561":"i","562":"c","563":"e","564":"(","565":"2","566":")","567":" ","568":":","569":" ","570":"a","571":"d","572":"d","573":"r","574":"e","575":"s","576":"s","577":";","578":"\\","579":"n","580":"\\","581":"n","582":" ","583":" ","584":"/","585":"/","586":" ","587":"获","588":"取","589":"起","590":"始","591":"和","592":"结","593":"束","594":"部","595":"分","596":"\\","597":"n","598":" ","599":" ","600":"c","601":"o","602":"n","603":"s","604":"t","605":" ","606":"s","607":"t","608":"a","609":"r","610":"t","611":" ","612":"=","613":" ","614":"c","615":"l","616":"e","617":"a","618":"n","619":"A","620":"d","621":"d","622":"r","623":"e","624":"s","625":"s","626":".","627":"s","628":"l","629":"i","630":"c","631":"e","632":"(","633":"0","634":",","635":" ","636":"s","637":"t","638":"a","639":"r","640":"t","641":"L","642":"e","643":"n","644":"g","645":"t","646":"h","647":")","648":";","649":"\\","650":"n","651":" ","652":" ","653":"c","654":"o","655":"n","656":"s","657":"t","658":" ","659":"e","660":"n","661":"d","662":" ","663":"=","664":" ","665":"c","666":"l","667":"e","668":"a","669":"n","670":"A","671":"d","672":"d","673":"r","674":"e","675":"s","676":"s","677":".","678":"s","679":"l","680":"i","681":"c","682":"e","683":"(","684":"-","685":"e","686":"n","687":"d","688":"L","689":"e","690":"n","691":"g","692":"t","693":"h","694":")","695":";","696":"\\","697":"n","698":"\\","699":"n","700":" ","701":" ","702":"/","703":"/","704":" ","705":"如","706":"果","707":"原","708":"地","709":"址","710":"有","711":"0","712":"x","713":"前","714":"缀","715":"，","716":"添","717":"加","718":"回","719":"去","720":"\\","721":"n","722":" ","723":" ","724":"c","725":"o","726":"n","727":"s","728":"t","729":" ","730":"p","731":"r","732":"e","733":"f","734":"i","735":"x","736":" ","737":"=","738":" ","739":"a","740":"d","741":"d","742":"r","743":"e","744":"s","745":"s","746":".","747":"s","748":"t","749":"a","750":"r","751":"t","752":"s","753":"W","754":"i","755":"t","756":"h","757":"(","758":"'","759":"0","760":"x","761":"'","762":")","763":" ","764":"?","765":" ","766":"'","767":"0","768":"x","769":"'","770":" ","771":":","772":" ","773":"'","774":"'","775":";","776":"\\","777":"n","778":"\\","779":"n","780":" ","781":" ","782":"r","783":"e","784":"t","785":"u","786":"r","787":"n","788":" ","789":"`","790":"$","791":"{","792":"p","793":"r","794":"e","795":"f","796":"i","797":"x","798":"}","799":"$","800":"{","801":"s","802":"t","803":"a","804":"r","805":"t","806":"}","807":".","808":".","809":".","810":"$","811":"{","812":"e","813":"n","814":"d","815":"}","816":"`","817":";","818":"\\","819":"n","820":"}","821":";","822":"\\","823":"n","824":"\\","825":"n","826":"/","827":"/","828":" ","829":"获","830":"取","831":"连","832":"接","833":"器","834":"名","835":"称","836":"\\","837":"n","838":"e","839":"x","840":"p","841":"o","842":"r","843":"t","844":" ","845":"f","846":"u","847":"n","848":"c","849":"t","850":"i","851":"o","852":"n","853":" ","854":"g","855":"e","856":"t","857":"N","858":"a","859":"m","860":"e","861":"(","862":"c","863":"o","864":"n","865":"n","866":"e","867":"c","868":"t","869":"o","870":"r","871":":","872":" ","873":"C","874":"o","875":"n","876":"n","877":"e","878":"c","879":"t","880":"o","881":"r","882":")","883":" ","884":"{","885":"\\","886":"n","887":" ","888":" ","889":"i","890":"f","891":" ","892":"(","893":"c","894":"o","895":"n","896":"n","897":"e","898":"c","899":"t","900":"o","901":"r","902":" ","903":"i","904":"n","905":"s","906":"t","907":"a","908":"n","909":"c","910":"e","911":"o","912":"f","913":" ","914":"M","915":"e","916":"t","917":"a","918":"M","919":"a","920":"s","921":"k","922":")","923":" ","924":"r","925":"e","926":"t","927":"u","928":"r","929":"n","930":" ","931":"'","932":"M","933":"e","934":"t","935":"a","936":"M","937":"a","938":"s","939":"k","940":"'","941":";","942":"\\","943":"n","944":" ","945":" ","946":"r","947":"e","948":"t","949":"u","950":"r","951":"n","952":" ","953":"'","954":"U","955":"n","956":"k","957":"n","958":"o","959":"w","960":"n","961":"'","962":";","963":"\\","964":"n","965":"}","966":"\\","967":"n","968":"\"","969":"]","970":",","971":"\"","972":"n","973":"a","974":"m","975":"e","976":"s","977":"\"","978":":","979":"[","980":"\"","981":"f","982":"o","983":"r","984":"m","985":"a","986":"t","987":"W","988":"a","989":"l","990":"l","991":"e","992":"t","993":"A","994":"d","995":"d","996":"r","997":"e","998":"s","999":"s","1000":"\"","1001":",","1002":"\"","1003":"g","1004":"e","1005":"t","1006":"N","1007":"a","1008":"m","1009":"e","1010":"\"","1011":",","1012":"\"","1013":"a","1014":"d","1015":"d","1016":"r","1017":"e","1018":"s","1019":"s","1020":"\"","1021":",","1022":"\"","1023":"s","1024":"t","1025":"a","1026":"r","1027":"t","1028":"L","1029":"e","1030":"n","1031":"g","1032":"t","1033":"h","1034":"\"","1035":",","1036":"\"","1037":"e","1038":"n","1039":"d","1040":"L","1041":"e","1042":"n","1043":"g","1044":"t","1045":"h","1046":"\"","1047":",","1048":"\"","1049":"l","1050":"e","1051":"n","1052":"g","1053":"t","1054":"h","1055":"\"","1056":",","1057":"\"","1058":"c","1059":"l","1060":"e","1061":"a","1062":"n","1063":"A","1064":"d","1065":"d","1066":"r","1067":"e","1068":"s","1069":"s","1070":"\"","1071":",","1072":"\"","1073":"s","1074":"t","1075":"a","1076":"r","1077":"t","1078":"s","1079":"W","1080":"i","1081":"t","1082":"h","1083":"\"","1084":",","1085":"\"","1086":"s","1087":"l","1088":"i","1089":"c","1090":"e","1091":"\"","1092":",","1093":"\"","1094":"s","1095":"t","1096":"a","1097":"r","1098":"t","1099":"\"","1100":",","1101":"\"","1102":"e","1103":"n","1104":"d","1105":"\"","1106":",","1107":"\"","1108":"p","1109":"r","1110":"e","1111":"f","1112":"i","1113":"x","1114":"\"","1115":",","1116":"\"","1117":"c","1118":"o","1119":"n","1120":"n","1121":"e","1122":"c","1123":"t","1124":"o","1125":"r","1126":"\"","1127":",","1128":"\"","1129":"M","1130":"e","1131":"t","1132":"a","1133":"M","1134":"a","1135":"s","1136":"k","1137":"\"","1138":"]","1139":",","1140":"\"","1141":"m","1142":"a","1143":"p","1144":"p","1145":"i","1146":"n","1147":"g","1148":"s","1149":"\"","1150":":","1151":"\"","1152":"2","1153":"M","1154":"A","1155":"I","1156":"a","1157":"A","1158":",","1159":"m","1160":"B","1161":"A","1162":"A","1163":"m","1164":"B","1165":",","1166":"m","1167":"B","1168":"A","1169":"A","1170":"n","1171":"B","1172":"A","1173":",","1174":"q","1175":"B","1176":"A","1177":"0","1178":"B","1179":"G","1180":"C","1181":",","1182":"O","1183":"A","1184":"A","1185":"O","1186":",","1187":"m","1188":"B","1189":"A","1190":"A","1191":"P","1192":"A","1193":",","1194":"m","1195":"D","1196":"A","1197":"9","1198":"B","1199":"S","1200":",","1201":"s","1202":"E","1203":"A","1204":"I","1205":"l","1206":"B","1207":",","1208":"M","1209":"A","1210":"A","1211":"M","1212":"D","1213":",","1214":"o","1215":"B","1216":"A","1217":"A","1218":"s","1219":"B","1220":",","1221":"C","1222":"A","1223":"C","1224":"j","1225":"C","1226":"E","1227":",","1228":"Q","1229":"A","1230":"C","1231":"A","1232":"C","1233":",","1234":"Y","1235":"A","1236":"A","1237":"s","1238":"B","1239":",","1240":"C","1241":"A","1242":"A","1243":"C","1244":",","1245":"C","1246":"A","1247":"C","1248":"v","1249":"B","1250":"C","1251":",","1252":"U","1253":"A","1254":"A","1255":"o","1256":"B","1257":",","1258":"C","1259":"A","1260":"A","1261":"C","1262":",","1263":"I","1264":"A","1265":"E","1266":"r","1267":"B","1268":",","1269":"G","1270":"A","1271":"A","1272":"I","1273":",","1274":"C","1275":"A","1276":"A","1277":"C","1278":"F","1279":",","1280":"Q","1281":"A","1282":"A","1283":"S","1284":",","1285":"M","1286":"A","1287":"A","1288":"O","1289":",","1290":"G","1291":"A","1292":"G","1293":"r","1294":"B","1295":",","1296":"G","1297":"A","1298":"A","1299":"I","1300":"A","1301":",","1302":"Q","1303":"A","1304":"A","1305":"Q","1306":"G","1307":",","1308":"M","1309":"A","1310":"A","1311":"M","1312":",","1313":"E","1314":"A","1315":"A","1316":"I","1317":"F","1318":",","1319":"Y","1320":"A","1321":"A","1322":"c","1323":"C","1324":",","1325":"U","1326":"A","1327":"A","1328":"W","1329":",","1330":"C","1331":"A","1332":"C","1333":"7","1334":"C","1335":",","1336":"O","1337":"A","1338":"A","1339":"O","1340":"F","1341":",","1342":"O","1343":"A","1344":"C","1345":"T","1346":",","1347":"C","1348":"A","1349":"G","1350":"A","1351":",","1352":"M","1353":"A","1354":"A","1355":"M","1356":"I","1357":",","1358":"a","1359":"A","1360":"A","1361":"e","1362":"J","1363":",","1364":"Q","1365":"A","1366":"A","1367":"Q","1368":"K","1369":",","1370":"U","1371":"A","1372":"A","1373":"U","1374":",","1375":"C","1376":"A","1377":"A","1378":"C","1379":",","1380":"M","1381":"A","1382":"A","1383":"Q","1384":"L","1385":",","1386":"Q","1387":"A","1388":"A","1389":"Q","1390":"M","1391":",","1392":"K","1393":"A","1394":"A","1395":"K","1396":",","1397":"C","1398":"A","1399":"A","1400":"C","1401":",","1402":"G","1403":"A","1404":"A","1405":"K","1406":"N","1407":",","1408":"Q","1409":"A","1410":"G","1411":"n","1412":"E","1413":",","1414":"M","1415":"A","1416":"A","1417":"M","1418":"O","1419":",","1420":"M","1421":"A","1422":"A","1423":"Q","1424":"H","1425":",","1426":"a","1427":"A","1428":"A","1429":"a","1430":"E","1431":",","1432":"K","1433":"A","1434":"A","1435":"K","1436":",","1437":"C","1438":"A","1439":"A","1440":"C","1441":",","1442":"E","1443":"A","1444":"A","1445":"G","1446":"L","1447":",","1448":"a","1449":"A","1450":"C","1451":"p","1452":"C","1453":",","1454":"M","1455":"A","1456":"A","1457":"M","1458":"O","1459":",","1460":"I","1461":"A","1462":"A","1463":"M","1464":"J","1465":",","1466":"a","1467":"A","1468":"A","1469":"a","1470":"E","1471":",","1472":"K","1473":"A","1474":"A","1475":"K","1476":",","1477":"C","1478":"A","1479":"A","1480":"C","1481":",","1482":"C","1483":"A","1484":"A","1485":"C","1486":"J","1487":",","1488":"W","1489":"A","1490":"G","1491":"h","1492":"C","1493":",","1494":"M","1495":"A","1496":"A","1497":"M","1498":"O","1499":",","1500":"O","1501":"A","1502":"A","1503":"S","1504":"T","1505":",","1506":"Q","1507":"A","1508":"A","1509":"Q","1510":"K","1511":",","1512":"U","1513":"A","1514":"A","1515":"U","1516":",","1517":"C","1518":"A","1519":"A","1520":"C","1521":",","1522":"M","1523":"A","1524":"A","1525":"Q","1526":",","1527":"K","1528":"A","1529":"A","1530":"O","1531":",","1532":"G","1533":"A","1534":"E","1535":"j","1536":"D","1537":",","1538":"M","1539":"A","1540":"A","1541":"O","1542":",","1543":"C","1544":"A","1545":"A","1546":"C","1547":",","1548":"E","1549":"A","1550":"A","1551":"E","1552":"I","1553":",","1554":"O","1555":"A","1556":"A","1557":"O","1558":",","1559":"E","1560":"A","1561":"A","1562":"E","1563":"F","1564":",","1565":"M","1566":"A","1567":"A","1568":"M","1569":",","1570":"G","1571":"A","1572":"A","1573":"G","1574":",","1575":"E","1576":"A","1577":"A","1578":"E","1579":"C","1580":",","1581":"I","1582":"A","1583":"A","1584":"I","1585":",","1586":"C","1587":"A","1588":"A","1589":"C","1590":",","1591":"A","1592":"A","1593":"C","1594":"r","1595":"C","1596":",","1597":"E","1598":"A","1599":"G","1600":"O","1601":",","1602":"S","1603":"A","1604":"A","1605":"S","1606":"T","1607":",","1608":"Q","1609":"A","1610":"A","1611":"Q","1612":"W","1613":",","1614":"S","1615":"A","1616":"A","1617":"o","1618":"B","1619":",","1620":"E","1621":"A","1622":"C","1623":"1","1624":"C","1625":",","1626":"G","1627":"A","1628":"A","1629":"I","1630":"A","1631":",","1632":"q","1633":"B","1634":"A","1635":"A","1636":"q","1637":"B","1638":"C","1639":",","1640":"o","1641":"B","1642":"A","1643":"A","1644":"Q","1645":",","1646":"C","1647":"A","1648":"A","1649":"E","1650":",","1651":"M","1652":"A","1653":"A","1654":"O","1655":",","1656":"W","1657":"A","1658":"C","1659":"1","1660":"C","1661":",","1662":"M","1663":"A","1664":"A","1665":"O","1666":",","1667":"S","1668":"A","1669":"C","1670":"T","1671":"\"","1672":"}"},"_coverageSchema":"1a1c01bbd47fc00a2c39e90264f33305004495a9","hash":"cbf357d6e8b67128d1cf1c4ecd807b0589d6ff73"}
}
